nohup: ignoring input
============================================================
 Starting full experiment pipeline
 Project: nips-smartrag
 Time:    Thu Mar 26 15:56:50 CST 2026
============================================================

[1/2] Syncing environment (Ensuring up-to-date)...
============================================
 Environment Setup (uv + PyTorch 2.10 + CUDA 12.8)
============================================
[1/5] Installing uv ...
downloading uv 0.11.1 x86_64-unknown-linux-gnu
installing to /root/.local/bin
  uv
  uvx
everything's installed!
[2/5] Venv exists: /ytech_m2v4_hdd/mengzijie/nips-smartrag/.venv
[3/5] Installing PyTorch 2.10.0 + CUDA 12.8 ...
Resolved 31 packages in 12.18s
warning: Failed to hardlink files; falling back to full copy. This may lead to degraded performance.
         If the cache and target directories are on different filesystems, hardlinking may not be supported.
         If this is intentional, set `export UV_LINK_MODE=copy` or use `--link-mode=copy` to suppress this warning.
Installed 25 packages in 187m 39s
 + cuda-bindings==12.9.4
 + jinja2==3.1.6
 + markupsafe==3.0.2
 + mpmath==1.3.0
 + networkx==3.4.2
 + numpy==2.2.6
 + nvidia-cublas-cu12==12.8.4.1
 + nvidia-cuda-cupti-cu12==12.8.90
 + nvidia-cuda-nvrtc-cu12==12.8.93
 + nvidia-cuda-runtime-cu12==12.8.90
 + nvidia-cudnn-cu12==9.10.2.21
 + nvidia-cufft-cu12==11.3.3.83
 + nvidia-cufile-cu12==1.13.1.3
 + nvidia-curand-cu12==10.3.9.90
 + nvidia-cusolver-cu12==11.7.3.90
 + nvidia-nccl-cu12==2.27.5
 + nvidia-nvjitlink-cu12==12.8.93
 + nvidia-nvshmem-cu12==3.4.5
 + nvidia-nvtx-cu12==12.8.90
 + sympy==1.14.0
 + torch==2.10.0+cu128
 + torchaudio==2.11.0+cu128
 + torchvision==0.25.0+cu128
 + triton==3.6.0
 + typing-extensions==4.15.0
[4/5] Installing project dependencies ...
Resolved 110 packages in 49.88s
Prepared 3 packages in 8.64s
warning: Failed to hardlink files; falling back to full copy. This may lead to degraded performance.
         If the cache and target directories are on different filesystems, hardlinking may not be supported.
         If this is intentional, set `export UV_LINK_MODE=copy` or use `--link-mode=copy` to suppress this warning.
Installed 67 packages in 102m 07s
 + accelerate==1.13.0
 + aiohappyeyeballs==2.6.1
 + aiohttp==3.13.3
 + aiosignal==1.4.0
 + annotated-doc==0.0.4
 + annotated-types==0.7.0
 + anyio==4.13.0
 + async-timeout==5.0.1
 + attrs==26.1.0
 + blis==1.3.3
 + catalogue==2.0.10
 + charset-normalizer==3.4.6
 + click==8.3.1
 + confection==1.3.3
 + cymem==2.0.13
 + datasets==4.8.4
 + evaluate==0.4.6
 + exceptiongroup==1.3.1
 + faiss-cpu==1.13.2
 + h11==0.16.0
 + hf-xet==1.4.2
 + httpcore==1.0.9
 + httpx==0.28.1
 + huggingface-hub==1.8.0
 + idna==3.11
 + markdown-it-py==4.0.0
 + mdurl==0.1.2
 + multidict==6.7.1
 + multiprocess==0.70.19
 + murmurhash==1.0.15
 + nltk==3.9.4
 + packaging==26.0
 + pandas==2.3.3
 + peft==0.18.1
 + preshed==3.0.13
 + propcache==0.4.1
 + psutil==7.2.2
 + pyarrow==23.0.1
 + pydantic==2.12.5
 + pydantic-core==2.41.5
 + pygments==2.19.2
 + python-dateutil==2.9.0.post0
 + pytz==2026.1.post1
 + requests==2.33.0
 + safetensors==0.7.0
 + scikit-learn==1.7.2
 + scipy==1.15.3
 + setuptools==82.0.1
 + shellingham==1.5.4
 + smart-open==7.5.1
 + spacy==3.8.13
 + spacy-legacy==3.0.12
 + srsly==2.5.3
 + thinc==8.3.13
 + threadpoolctl==3.6.0
 + tokenizers==0.22.2
 + tqdm==4.67.3
 + transformers==5.3.0
 + trl==0.29.1
 + typer==0.24.1
 + typing-inspection==0.4.2
 + tzdata==2025.3
 + urllib3==2.6.3
 + wasabi==1.1.3
 + weasel==1.0.0
 + wrapt==2.1.2
 + xxhash==3.6.0
[5/5] Installing flash-attn (optional) ...

============================================
Traceback (most recent call last):
  File "<string>", line 2, in <module>
ModuleNotFoundError: No module named 'torch'
